main 2011-10-12 17:50:59,477 INFO App started IN net.sf.xfresh.util.Starter
main 2011-10-12 17:50:59,590 INFO Refreshing org.springframework.context.support.FileSystemXmlApplicationContext@299813: display name [org.springframework.context.support.FileSystemXmlApplicationContext@299813]; startup date [Wed Oct 12 17:50:59 EDT 2011]; root of context hierarchy IN org.springframework.context.support.FileSystemXmlApplicationContext
main 2011-10-12 17:50:59,752 INFO Loading XML bean definitions from file [/home/dima/BrandAnalytics/\indexer\src\scripts\beans.xml] IN org.springframework.beans.factory.xml.XmlBeanDefinitionReader
main 2011-10-12 17:51:34,699 INFO App started IN net.sf.xfresh.util.Starter
main 2011-10-12 17:51:34,781 INFO Refreshing org.springframework.context.support.FileSystemXmlApplicationContext@bf2f7c: display name [org.springframework.context.support.FileSystemXmlApplicationContext@bf2f7c]; startup date [Wed Oct 12 17:51:34 EDT 2011]; root of context hierarchy IN org.springframework.context.support.FileSystemXmlApplicationContext
main 2011-10-12 17:51:34,897 INFO Loading XML bean definitions from file [/home/dima/BrandAnalytics/indexer/src/script/beans.xml] IN org.springframework.beans.factory.xml.XmlBeanDefinitionReader
main 2011-10-12 17:52:02,149 INFO App started IN net.sf.xfresh.util.Starter
main 2011-10-12 17:52:02,226 INFO Refreshing org.springframework.context.support.FileSystemXmlApplicationContext@1c67c6d: display name [org.springframework.context.support.FileSystemXmlApplicationContext@1c67c6d]; startup date [Wed Oct 12 17:52:02 EDT 2011]; root of context hierarchy IN org.springframework.context.support.FileSystemXmlApplicationContext
main 2011-10-12 17:52:02,338 INFO Loading XML bean definitions from file [/home/dima/BrandAnalytics/indexer/src/scripts/beans.xml] IN org.springframework.beans.factory.xml.XmlBeanDefinitionReader
main 2011-10-12 17:52:02,446 INFO Bean factory for application context [org.springframework.context.support.FileSystemXmlApplicationContext@1c67c6d]: org.springframework.beans.factory.support.DefaultListableBeanFactory@1502283 IN org.springframework.context.support.FileSystemXmlApplicationContext
main 2011-10-12 17:52:02,530 INFO Bean 'org.springframework.beans.factory.annotation.RequiredAnnotationBeanPostProcessor' is not eligible for getting processed by all BeanPostProcessors (for example: not eligible for auto-proxying) IN org.springframework.context.support.FileSystemXmlApplicationContext
main 2011-10-12 17:52:02,538 INFO Pre-instantiating singletons in org.springframework.beans.factory.support.DefaultListableBeanFactory@1502283: defining beans [org.springframework.beans.factory.annotation.RequiredAnnotationBeanPostProcessor,indexer,dataSource,jdbcTemplate]; root of factory hierarchy IN org.springframework.beans.factory.support.DefaultListableBeanFactory
main 2011-10-12 17:52:02,539 INFO Destroying singletons in org.springframework.beans.factory.support.DefaultListableBeanFactory@1502283: defining beans [org.springframework.beans.factory.annotation.RequiredAnnotationBeanPostProcessor,indexer,dataSource,jdbcTemplate]; root of factory hierarchy IN org.springframework.beans.factory.support.DefaultListableBeanFactory
main 2011-10-12 17:52:49,798 INFO App started IN net.sf.xfresh.util.Starter
main 2011-10-12 17:52:49,876 INFO Refreshing org.springframework.context.support.FileSystemXmlApplicationContext@1c67c6d: display name [org.springframework.context.support.FileSystemXmlApplicationContext@1c67c6d]; startup date [Wed Oct 12 17:52:49 EDT 2011]; root of context hierarchy IN org.springframework.context.support.FileSystemXmlApplicationContext
main 2011-10-12 17:52:49,987 INFO Loading XML bean definitions from file [/home/dima/BrandAnalytics/indexer/src/scripts/beans.xml] IN org.springframework.beans.factory.xml.XmlBeanDefinitionReader
main 2011-10-12 17:52:50,069 INFO Bean factory for application context [org.springframework.context.support.FileSystemXmlApplicationContext@1c67c6d]: org.springframework.beans.factory.support.DefaultListableBeanFactory@1502283 IN org.springframework.context.support.FileSystemXmlApplicationContext
main 2011-10-12 17:52:50,140 INFO Bean 'org.springframework.beans.factory.annotation.RequiredAnnotationBeanPostProcessor' is not eligible for getting processed by all BeanPostProcessors (for example: not eligible for auto-proxying) IN org.springframework.context.support.FileSystemXmlApplicationContext
main 2011-10-12 17:52:50,147 INFO Pre-instantiating singletons in org.springframework.beans.factory.support.DefaultListableBeanFactory@1502283: defining beans [org.springframework.beans.factory.annotation.RequiredAnnotationBeanPostProcessor,indexer,dataSource,jdbcTemplate]; root of factory hierarchy IN org.springframework.beans.factory.support.DefaultListableBeanFactory
main 2011-10-12 17:52:51,211 INFO Destroying singletons in org.springframework.beans.factory.support.DefaultListableBeanFactory@1502283: defining beans [org.springframework.beans.factory.annotation.RequiredAnnotationBeanPostProcessor,indexer,dataSource,jdbcTemplate]; root of factory hierarchy IN org.springframework.beans.factory.support.DefaultListableBeanFactory
main 2011-10-12 17:53:48,381 INFO App started IN net.sf.xfresh.util.Starter
main 2011-10-12 17:53:48,471 INFO Refreshing org.springframework.context.support.FileSystemXmlApplicationContext@1c67c6d: display name [org.springframework.context.support.FileSystemXmlApplicationContext@1c67c6d]; startup date [Wed Oct 12 17:53:48 EDT 2011]; root of context hierarchy IN org.springframework.context.support.FileSystemXmlApplicationContext
main 2011-10-12 17:53:48,587 INFO Loading XML bean definitions from file [/home/dima/BrandAnalytics/indexer/src/scripts/beans.xml] IN org.springframework.beans.factory.xml.XmlBeanDefinitionReader
main 2011-10-12 17:53:48,669 INFO Bean factory for application context [org.springframework.context.support.FileSystemXmlApplicationContext@1c67c6d]: org.springframework.beans.factory.support.DefaultListableBeanFactory@1502283 IN org.springframework.context.support.FileSystemXmlApplicationContext
main 2011-10-12 17:53:48,742 INFO Bean 'org.springframework.beans.factory.annotation.RequiredAnnotationBeanPostProcessor' is not eligible for getting processed by all BeanPostProcessors (for example: not eligible for auto-proxying) IN org.springframework.context.support.FileSystemXmlApplicationContext
main 2011-10-12 17:53:48,753 INFO Pre-instantiating singletons in org.springframework.beans.factory.support.DefaultListableBeanFactory@1502283: defining beans [org.springframework.beans.factory.annotation.RequiredAnnotationBeanPostProcessor,indexer,dataSource,jdbcTemplate]; root of factory hierarchy IN org.springframework.beans.factory.support.DefaultListableBeanFactory
main 2011-10-12 17:53:49,609 INFO Destroying singletons in org.springframework.beans.factory.support.DefaultListableBeanFactory@1502283: defining beans [org.springframework.beans.factory.annotation.RequiredAnnotationBeanPostProcessor,indexer,dataSource,jdbcTemplate]; root of factory hierarchy IN org.springframework.beans.factory.support.DefaultListableBeanFactory
main 2011-10-12 17:54:30,375 INFO App started IN net.sf.xfresh.util.Starter
main 2011-10-12 17:54:30,462 INFO Refreshing org.springframework.context.support.FileSystemXmlApplicationContext@bf2f7c: display name [org.springframework.context.support.FileSystemXmlApplicationContext@bf2f7c]; startup date [Wed Oct 12 17:54:30 EDT 2011]; root of context hierarchy IN org.springframework.context.support.FileSystemXmlApplicationContext
main 2011-10-12 17:54:30,593 INFO Loading XML bean definitions from file [/home/dima/BrandAnalytics/indexer/src/scripts/beans.xml] IN org.springframework.beans.factory.xml.XmlBeanDefinitionReader
main 2011-10-12 17:54:30,677 INFO Bean factory for application context [org.springframework.context.support.FileSystemXmlApplicationContext@bf2f7c]: org.springframework.beans.factory.support.DefaultListableBeanFactory@58e1cc IN org.springframework.context.support.FileSystemXmlApplicationContext
main 2011-10-12 17:54:30,751 INFO Bean 'org.springframework.beans.factory.annotation.RequiredAnnotationBeanPostProcessor' is not eligible for getting processed by all BeanPostProcessors (for example: not eligible for auto-proxying) IN org.springframework.context.support.FileSystemXmlApplicationContext
main 2011-10-12 17:54:30,758 INFO Pre-instantiating singletons in org.springframework.beans.factory.support.DefaultListableBeanFactory@58e1cc: defining beans [org.springframework.beans.factory.annotation.RequiredAnnotationBeanPostProcessor,indexer,dataSource,jdbcTemplate]; root of factory hierarchy IN org.springframework.beans.factory.support.DefaultListableBeanFactory
main 2011-10-12 17:55:11,111 INFO App started IN net.sf.xfresh.util.Starter
main 2011-10-12 17:55:11,192 INFO Refreshing org.springframework.context.support.FileSystemXmlApplicationContext@299813: display name [org.springframework.context.support.FileSystemXmlApplicationContext@299813]; startup date [Wed Oct 12 17:55:11 EDT 2011]; root of context hierarchy IN org.springframework.context.support.FileSystemXmlApplicationContext
main 2011-10-12 17:55:11,316 INFO Loading XML bean definitions from file [/home/dima/BrandAnalytics/indexer/src/scripts/beans.xml] IN org.springframework.beans.factory.xml.XmlBeanDefinitionReader
main 2011-10-12 17:55:11,400 INFO Bean factory for application context [org.springframework.context.support.FileSystemXmlApplicationContext@299813]: org.springframework.beans.factory.support.DefaultListableBeanFactory@1f6c65c IN org.springframework.context.support.FileSystemXmlApplicationContext
main 2011-10-12 17:55:11,470 INFO Bean 'org.springframework.beans.factory.annotation.RequiredAnnotationBeanPostProcessor' is not eligible for getting processed by all BeanPostProcessors (for example: not eligible for auto-proxying) IN org.springframework.context.support.FileSystemXmlApplicationContext
main 2011-10-12 17:55:11,476 INFO Pre-instantiating singletons in org.springframework.beans.factory.support.DefaultListableBeanFactory@1f6c65c: defining beans [org.springframework.beans.factory.annotation.RequiredAnnotationBeanPostProcessor,indexer,dataSource,jdbcTemplate]; root of factory hierarchy IN org.springframework.beans.factory.support.DefaultListableBeanFactory
main 2011-10-12 17:55:33,710 INFO App started IN net.sf.xfresh.util.Starter
main 2011-10-12 17:55:33,794 INFO Refreshing org.springframework.context.support.FileSystemXmlApplicationContext@1c67c6d: display name [org.springframework.context.support.FileSystemXmlApplicationContext@1c67c6d]; startup date [Wed Oct 12 17:55:33 EDT 2011]; root of context hierarchy IN org.springframework.context.support.FileSystemXmlApplicationContext
main 2011-10-12 17:55:33,911 INFO Loading XML bean definitions from file [/home/dima/BrandAnalytics/indexer/src/scripts/beans.xml] IN org.springframework.beans.factory.xml.XmlBeanDefinitionReader
main 2011-10-12 17:55:33,993 INFO Bean factory for application context [org.springframework.context.support.FileSystemXmlApplicationContext@1c67c6d]: org.springframework.beans.factory.support.DefaultListableBeanFactory@1502283 IN org.springframework.context.support.FileSystemXmlApplicationContext
main 2011-10-12 17:55:34,075 INFO Bean 'org.springframework.beans.factory.annotation.RequiredAnnotationBeanPostProcessor' is not eligible for getting processed by all BeanPostProcessors (for example: not eligible for auto-proxying) IN org.springframework.context.support.FileSystemXmlApplicationContext
main 2011-10-12 17:55:34,081 INFO Pre-instantiating singletons in org.springframework.beans.factory.support.DefaultListableBeanFactory@1502283: defining beans [org.springframework.beans.factory.annotation.RequiredAnnotationBeanPostProcessor,indexer,dataSource,jdbcTemplate]; root of factory hierarchy IN org.springframework.beans.factory.support.DefaultListableBeanFactory
main 2011-10-13 01:58:57,555 INFO App started IN net.sf.xfresh.util.Starter
main 2011-10-13 01:58:57,640 INFO Refreshing org.springframework.context.support.FileSystemXmlApplicationContext@146101f: display name [org.springframework.context.support.FileSystemXmlApplicationContext@146101f]; startup date [Thu Oct 13 01:58:57 MSD 2011]; root of context hierarchy IN org.springframework.context.support.FileSystemXmlApplicationContext
main 2011-10-13 01:58:57,758 INFO Loading XML bean definitions from file [/home/dima/BrandAnalytics/indexer/src/scripts/beans.xml] IN org.springframework.beans.factory.xml.XmlBeanDefinitionReader
main 2011-10-13 01:58:57,846 INFO Bean factory for application context [org.springframework.context.support.FileSystemXmlApplicationContext@146101f]: org.springframework.beans.factory.support.DefaultListableBeanFactory@15ed12c IN org.springframework.context.support.FileSystemXmlApplicationContext
main 2011-10-13 01:58:57,926 INFO Bean 'org.springframework.beans.factory.annotation.RequiredAnnotationBeanPostProcessor' is not eligible for getting processed by all BeanPostProcessors (for example: not eligible for auto-proxying) IN org.springframework.context.support.FileSystemXmlApplicationContext
main 2011-10-13 01:58:57,936 INFO Pre-instantiating singletons in org.springframework.beans.factory.support.DefaultListableBeanFactory@15ed12c: defining beans [org.springframework.beans.factory.annotation.RequiredAnnotationBeanPostProcessor,indexer,dataSource,jdbcTemplate]; root of factory hierarchy IN org.springframework.beans.factory.support.DefaultListableBeanFactory
main 2011-10-13 01:58:57,938 INFO Destroying singletons in org.springframework.beans.factory.support.DefaultListableBeanFactory@15ed12c: defining beans [org.springframework.beans.factory.annotation.RequiredAnnotationBeanPostProcessor,indexer,dataSource,jdbcTemplate]; root of factory hierarchy IN org.springframework.beans.factory.support.DefaultListableBeanFactory
main 2011-10-13 02:03:14,328 INFO App started IN net.sf.xfresh.util.Starter
main 2011-10-13 02:03:14,400 INFO Refreshing org.springframework.context.support.FileSystemXmlApplicationContext@1e34309: display name [org.springframework.context.support.FileSystemXmlApplicationContext@1e34309]; startup date [Thu Oct 13 02:03:14 MSD 2011]; root of context hierarchy IN org.springframework.context.support.FileSystemXmlApplicationContext
main 2011-10-13 02:03:14,499 INFO Loading XML bean definitions from file [/home/dima/BrandAnalytics/frontend/src/scripts/beans.xml] IN org.springframework.beans.factory.xml.XmlBeanDefinitionReader
main 2011-10-13 02:03:14,599 INFO Bean factory for application context [org.springframework.context.support.FileSystemXmlApplicationContext@1e34309]: org.springframework.beans.factory.support.DefaultListableBeanFactory@9f33d IN org.springframework.context.support.FileSystemXmlApplicationContext
main 2011-10-13 02:03:14,683 INFO Bean 'org.springframework.beans.factory.annotation.RequiredAnnotationBeanPostProcessor' is not eligible for getting processed by all BeanPostProcessors (for example: not eligible for auto-proxying) IN org.springframework.context.support.FileSystemXmlApplicationContext
main 2011-10-13 02:03:14,690 INFO Pre-instantiating singletons in org.springframework.beans.factory.support.DefaultListableBeanFactory@9f33d: defining beans [org.springframework.beans.factory.annotation.RequiredAnnotationBeanPostProcessor,serverInitializer,yaletProcessor,yaletSupport,yaletResolver,saxGenerator,singleYaletProcessor,showLeftMenuYalet,showSingleBrandYalet,searchYalet,manager,dataSource,jdbcTemplate]; root of factory hierarchy IN org.springframework.beans.factory.support.DefaultListableBeanFactory
main 2011-10-13 02:03:15,021 INFO Server started: 103 ms IN net.sf.xfresh.jetty.JettyServerInitializer
3913747@qtp-21861515-0 2011-10-13 02:03:23,799 DEBUG handle url => {./frontend/src/web/index.xml} IN net.sf.xfresh.jetty.YaletXmlPageHandler
3913747@qtp-21861515-0 2011-10-13 02:03:23,800 INFO Start process user request => {./frontend/src/web/index.xml}, remote ip => {127.0.0.1}, method=GET IN net.sf.xfresh.core.YaletProcessor
3913747@qtp-21861515-0 2011-10-13 02:03:23,829 DEBUG needTransform for ./frontend/src/web/index.xml = true IN net.sf.xfresh.core.impl.SimpleInternalRequest
3913747@qtp-21861515-0 2011-10-13 02:03:25,483 INFO Starting process yalet => {showLeftMenu} IN net.sf.xfresh.core.impl.DefaultSingleYaletProcessor
3913747@qtp-21861515-0 2011-10-13 02:03:26,089 INFO Processing time for yalet => {showLeftMenu} is 606 ms IN net.sf.xfresh.core.impl.DefaultSingleYaletProcessor
3913747@qtp-21861515-0 2011-10-13 02:03:26,123 DEBUG branch: ddd IN net.sf.xfresh.core.sax.DefaultSaxHandler
3913747@qtp-21861515-0 2011-10-13 02:03:26,124 DEBUG class: java.lang.Object@14f8035 IN net.sf.xfresh.core.sax.DefaultSaxHandler
3913747@qtp-21861515-0 2011-10-13 02:03:26,124 DEBUG description: 1 IN net.sf.xfresh.core.sax.DefaultSaxHandler
3913747@qtp-21861515-0 2011-10-13 02:03:26,124 DEBUG id: 1 IN net.sf.xfresh.core.sax.DefaultSaxHandler
3913747@qtp-21861515-0 2011-10-13 02:03:26,124 DEBUG name: 1 IN net.sf.xfresh.core.sax.DefaultSaxHandler
3913747@qtp-21861515-0 2011-10-13 02:03:26,124 DEBUG website: ddd IN net.sf.xfresh.core.sax.DefaultSaxHandler
3913747@qtp-21861515-0 2011-10-13 02:03:26,178 INFO Processing time for user request => {./frontend/src/web/index.xml} is 2378 ms IN net.sf.xfresh.core.YaletProcessor
10091594@qtp-21861515-2 2011-10-13 02:03:29,139 DEBUG handle url => {./frontend/src/web/showbrand.xml} IN net.sf.xfresh.jetty.YaletXmlPageHandler
10091594@qtp-21861515-2 2011-10-13 02:03:29,139 INFO Start process user request => {./frontend/src/web/showbrand.xml}, remote ip => {127.0.0.1}, method=GET IN net.sf.xfresh.core.YaletProcessor
10091594@qtp-21861515-2 2011-10-13 02:03:29,148 DEBUG needTransform for ./frontend/src/web/showbrand.xml = true IN net.sf.xfresh.core.impl.SimpleInternalRequest
10091594@qtp-21861515-2 2011-10-13 02:03:29,199 INFO Starting process yalet => {showSingleBrand} IN net.sf.xfresh.core.impl.DefaultSingleYaletProcessor
10091594@qtp-21861515-2 2011-10-13 02:03:29,199 DEBUG name = id IN net.sf.xfresh.core.impl.SimpleInternalRequest
10091594@qtp-21861515-2 2011-10-13 02:03:29,200 DEBUG value = 1 IN net.sf.xfresh.core.impl.SimpleInternalRequest
10091594@qtp-21861515-2 2011-10-13 02:03:29,201 INFO Processing time for yalet => {showSingleBrand} is 2 ms IN net.sf.xfresh.core.impl.DefaultSingleYaletProcessor
10091594@qtp-21861515-2 2011-10-13 02:03:29,205 DEBUG about: ABOUT1 IN net.sf.xfresh.core.sax.DefaultSaxHandler
10091594@qtp-21861515-2 2011-10-13 02:03:29,205 DEBUG class: java.lang.Object@14f8035 IN net.sf.xfresh.core.sax.DefaultSaxHandler
10091594@qtp-21861515-2 2011-10-13 02:03:29,205 DEBUG graph: ru.brandanalyst.frontend.model.Graph@f30c34 IN net.sf.xfresh.core.sax.DefaultSaxHandler
10091594@qtp-21861515-2 2011-10-13 02:03:29,205 DEBUG id: 1 IN net.sf.xfresh.core.sax.DefaultSaxHandler
10091594@qtp-21861515-2 2011-10-13 02:03:29,205 DEBUG name: BRAND1 IN net.sf.xfresh.core.sax.DefaultSaxHandler
10091594@qtp-21861515-2 2011-10-13 02:03:29,208 DEBUG class: java.lang.Object@14f8035 IN net.sf.xfresh.core.sax.DefaultSaxHandler
10091594@qtp-21861515-2 2011-10-13 02:03:29,208 DEBUG description: Как дела у бренда 1 IN net.sf.xfresh.core.sax.DefaultSaxHandler
10091594@qtp-21861515-2 2011-10-13 02:03:29,208 DEBUG dots: [1, 1, -2, 2, 1, 1] IN net.sf.xfresh.core.sax.DefaultSaxHandler
10091594@qtp-21861515-2 2011-10-13 02:03:29,213 INFO Processing time for user request => {./frontend/src/web/showbrand.xml} is 74 ms IN net.sf.xfresh.core.YaletProcessor
main 2011-10-13 02:04:14,897 INFO App started IN net.sf.xfresh.util.Starter
main 2011-10-13 02:04:14,974 INFO Refreshing org.springframework.context.support.FileSystemXmlApplicationContext@1e34309: display name [org.springframework.context.support.FileSystemXmlApplicationContext@1e34309]; startup date [Thu Oct 13 02:04:14 MSD 2011]; root of context hierarchy IN org.springframework.context.support.FileSystemXmlApplicationContext
main 2011-10-13 02:04:15,073 INFO Loading XML bean definitions from file [/home/dima/BrandAnalytics/frontend/src/scripts/beans.xml] IN org.springframework.beans.factory.xml.XmlBeanDefinitionReader
main 2011-10-13 02:04:15,177 INFO Bean factory for application context [org.springframework.context.support.FileSystemXmlApplicationContext@1e34309]: org.springframework.beans.factory.support.DefaultListableBeanFactory@9f33d IN org.springframework.context.support.FileSystemXmlApplicationContext
main 2011-10-13 02:04:15,258 INFO Bean 'org.springframework.beans.factory.annotation.RequiredAnnotationBeanPostProcessor' is not eligible for getting processed by all BeanPostProcessors (for example: not eligible for auto-proxying) IN org.springframework.context.support.FileSystemXmlApplicationContext
main 2011-10-13 02:04:15,265 INFO Pre-instantiating singletons in org.springframework.beans.factory.support.DefaultListableBeanFactory@9f33d: defining beans [org.springframework.beans.factory.annotation.RequiredAnnotationBeanPostProcessor,serverInitializer,yaletProcessor,yaletSupport,yaletResolver,saxGenerator,singleYaletProcessor,showLeftMenuYalet,showSingleBrandYalet,searchYalet,manager,dataSource,jdbcTemplate]; root of factory hierarchy IN org.springframework.beans.factory.support.DefaultListableBeanFactory
main 2011-10-13 02:04:15,568 ERROR Could not initialize server:  IN net.sf.xfresh.jetty.JettyServerInitializer
java.net.BindException: Address already in use
	at sun.nio.ch.Net.bind0(Native Method)
	at sun.nio.ch.Net.bind(Net.java:344)
	at sun.nio.ch.Net.bind(Net.java:336)
	at sun.nio.ch.ServerSocketChannelImpl.bind(ServerSocketChannelImpl.java:199)
	at sun.nio.ch.ServerSocketAdaptor.bind(ServerSocketAdaptor.java:74)
	at org.mortbay.jetty.nio.SelectChannelConnector.open(SelectChannelConnector.java:216)
	at org.mortbay.jetty.nio.SelectChannelConnector.doStart(SelectChannelConnector.java:315)
	at org.mortbay.component.AbstractLifeCycle.start(AbstractLifeCycle.java:50)
	at org.mortbay.jetty.Server.doStart(Server.java:235)
	at org.mortbay.component.AbstractLifeCycle.start(AbstractLifeCycle.java:50)
	at net.sf.xfresh.jetty.JettyServerInitializer.init(JettyServerInitializer.java:63)
	at net.sf.xfresh.jetty.JettyServerInitializer.afterPropertiesSet(JettyServerInitializer.java:41)
	at org.springframework.beans.factory.support.AbstractAutowireCapableBeanFactory.invokeInitMethods(AbstractAutowireCapableBeanFactory.java:1175)
	at org.springframework.beans.factory.support.AbstractAutowireCapableBeanFactory.initializeBean(AbstractAutowireCapableBeanFactory.java:1145)
	at org.springframework.beans.factory.support.AbstractAutowireCapableBeanFactory.createBean(AbstractAutowireCapableBeanFactory.java:427)
	at org.springframework.beans.factory.support.AbstractBeanFactory$1.getObject(AbstractBeanFactory.java:251)
	at org.springframework.beans.factory.support.DefaultSingletonBeanRegistry.getSingleton(DefaultSingletonBeanRegistry.java:144)
	at org.springframework.beans.factory.support.AbstractBeanFactory.getBean(AbstractBeanFactory.java:248)
	at org.springframework.beans.factory.support.AbstractBeanFactory.getBean(AbstractBeanFactory.java:160)
	at org.springframework.beans.factory.support.DefaultListableBeanFactory.preInstantiateSingletons(DefaultListableBeanFactory.java:279)
	at org.springframework.context.support.AbstractApplicationContext.refresh(AbstractApplicationContext.java:360)
	at org.springframework.context.support.FileSystemXmlApplicationContext.<init>(FileSystemXmlApplicationContext.java:93)
	at org.springframework.context.support.FileSystemXmlApplicationContext.<init>(FileSystemXmlApplicationContext.java:77)
	at net.sf.xfresh.util.Starter.main(Starter.java:17)
	at sun.reflect.NativeMethodAccessorImpl.invoke0(Native Method)
	at sun.reflect.NativeMethodAccessorImpl.invoke(NativeMethodAccessorImpl.java:57)
	at sun.reflect.DelegatingMethodAccessorImpl.invoke(DelegatingMethodAccessorImpl.java:43)
	at java.lang.reflect.Method.invoke(Method.java:601)
	at com.intellij.rt.execution.application.AppMain.main(AppMain.java:120)
main 2011-10-13 02:04:30,221 INFO App started IN net.sf.xfresh.util.Starter
main 2011-10-13 02:04:30,299 INFO Refreshing org.springframework.context.support.FileSystemXmlApplicationContext@1e34309: display name [org.springframework.context.support.FileSystemXmlApplicationContext@1e34309]; startup date [Thu Oct 13 02:04:30 MSD 2011]; root of context hierarchy IN org.springframework.context.support.FileSystemXmlApplicationContext
main 2011-10-13 02:04:30,401 INFO Loading XML bean definitions from file [/home/dima/BrandAnalytics/frontend/src/scripts/beans.xml] IN org.springframework.beans.factory.xml.XmlBeanDefinitionReader
main 2011-10-13 02:04:30,505 INFO Bean factory for application context [org.springframework.context.support.FileSystemXmlApplicationContext@1e34309]: org.springframework.beans.factory.support.DefaultListableBeanFactory@14051d1 IN org.springframework.context.support.FileSystemXmlApplicationContext
main 2011-10-13 02:04:30,588 INFO Bean 'org.springframework.beans.factory.annotation.RequiredAnnotationBeanPostProcessor' is not eligible for getting processed by all BeanPostProcessors (for example: not eligible for auto-proxying) IN org.springframework.context.support.FileSystemXmlApplicationContext
main 2011-10-13 02:04:30,596 INFO Pre-instantiating singletons in org.springframework.beans.factory.support.DefaultListableBeanFactory@14051d1: defining beans [org.springframework.beans.factory.annotation.RequiredAnnotationBeanPostProcessor,serverInitializer,yaletProcessor,yaletSupport,yaletResolver,saxGenerator,singleYaletProcessor,showLeftMenuYalet,showSingleBrandYalet,searchYalet,manager,dataSource,jdbcTemplate]; root of factory hierarchy IN org.springframework.beans.factory.support.DefaultListableBeanFactory
main 2011-10-13 02:04:30,875 INFO Server started: 75 ms IN net.sf.xfresh.jetty.JettyServerInitializer
main 2011-10-13 02:06:57,190 INFO App started IN net.sf.xfresh.util.Starter
main 2011-10-13 02:06:57,265 INFO Refreshing org.springframework.context.support.FileSystemXmlApplicationContext@1e34309: display name [org.springframework.context.support.FileSystemXmlApplicationContext@1e34309]; startup date [Thu Oct 13 02:06:57 MSD 2011]; root of context hierarchy IN org.springframework.context.support.FileSystemXmlApplicationContext
main 2011-10-13 02:06:57,377 INFO Loading XML bean definitions from file [/home/dima/BrandAnalytics/frontend/src/scripts/beans.xml] IN org.springframework.beans.factory.xml.XmlBeanDefinitionReader
main 2011-10-13 02:06:57,506 INFO Bean factory for application context [org.springframework.context.support.FileSystemXmlApplicationContext@1e34309]: org.springframework.beans.factory.support.DefaultListableBeanFactory@9f33d IN org.springframework.context.support.FileSystemXmlApplicationContext
main 2011-10-13 02:06:57,592 INFO Bean 'org.springframework.beans.factory.annotation.RequiredAnnotationBeanPostProcessor' is not eligible for getting processed by all BeanPostProcessors (for example: not eligible for auto-proxying) IN org.springframework.context.support.FileSystemXmlApplicationContext
main 2011-10-13 02:06:57,599 INFO Pre-instantiating singletons in org.springframework.beans.factory.support.DefaultListableBeanFactory@9f33d: defining beans [org.springframework.beans.factory.annotation.RequiredAnnotationBeanPostProcessor,serverInitializer,yaletProcessor,yaletSupport,yaletResolver,saxGenerator,singleYaletProcessor,showLeftMenuYalet,showSingleBrandYalet,searchYalet,manager,dataSource,jdbcTemplate]; root of factory hierarchy IN org.springframework.beans.factory.support.DefaultListableBeanFactory
main 2011-10-13 02:06:57,893 INFO Server started: 79 ms IN net.sf.xfresh.jetty.JettyServerInitializer
